#! /usr/share/iverilog-0.10.0/bin/vvp
:ivl_version "0.10.0 (devel)" "(v0_9_6)";
:ivl_delay_selection "TYPICAL";
:vpi_time_precision + 0;
:vpi_module "system";
:vpi_module "vhdl_sys";
:vpi_module "v2005_math";
:vpi_module "va_math";
:vpi_module "v2009";
S_0x176e0a0 .scope module, "doorlock" "doorlock" 2 1;
 .timescale 0 0;
v0x1790630_0 .var "c", 0 0;
v0x1790720_0 .net "cout", 0 0, v0x17900b0_0;  1 drivers
v0x17907f0_0 .var "p", 15 0;
v0x1790920_0 .var "p1", 15 0;
v0x1790a20_0 .var "p2", 15 0;
v0x1790b40_0 .var "r", 0 0;
S_0x17697b0 .scope module, "d1" "door_lock" 2 22, 3 10 0, S_0x176e0a0;
 .timescale 0 0;
    .port_info 0 /INPUT 1 "reset"
    .port_info 1 /INPUT 16 "password"
    .port_info 2 /INPUT 16 "newpass"
    .port_info 3 /INPUT 16 "confpass"
    .port_info 4 /INPUT 1 "command"
    .port_info 5 /OUTPUT 1 "cout"
v0x1769a20_0 .net "command", 0 0, v0x1790630_0;  1 drivers
v0x178ffc0_0 .net "confpass", 15 0, v0x1790a20_0;  1 drivers
v0x17900b0_0 .var "cout", 0 0;
v0x1790180_0 .net "newpass", 15 0, v0x1790920_0;  1 drivers
v0x1790270_0 .var "original", 15 0;
v0x1790380_0 .net "password", 15 0, v0x17907f0_0;  1 drivers
v0x1790470_0 .net "reset", 0 0, v0x1790b40_0;  1 drivers
E_0x176e4b0/0 .event edge, v0x1790470_0, v0x1790380_0, v0x1790270_0, v0x1769a20_0;
E_0x176e4b0/1 .event edge, v0x1790180_0, v0x178ffc0_0;
E_0x176e4b0 .event/or E_0x176e4b0/0, E_0x176e4b0/1;
    .scope S_0x17697b0;
T_0 ;
    %movi 8, 4660, 16;
    %set/v v0x1790270_0, 8, 16;
    %end;
    .thread T_0;
    .scope S_0x17697b0;
T_1 ;
    %set/v v0x17900b0_0, 0, 1;
    %end;
    .thread T_1;
    .scope S_0x17697b0;
T_2 ;
    %wait E_0x176e4b0;
    %set/v v0x17900b0_0, 0, 1;
    %load/v 8, v0x1790470_0, 1;
    %jmp/0xz  T_2.0, 8;
    %load/v 8, v0x1790380_0, 16;
    %set/v v0x1790270_0, 8, 16;
    %vpi_call/w 3 51 "$display", "Reset Mode" {0 0};
    %jmp T_2.1;
T_2.0 ;
    %load/v 8, v0x1790380_0, 16;
    %load/v 24, v0x1790270_0, 16;
    %cmp/u 8, 24, 16;
    %jmp/0xz  T_2.2, 4;
    %load/v 8, v0x1769a20_0, 1;
    %jmp/0xz  T_2.4, 8;
    %vpi_call/w 3 73 "$display", "Door Unlocked" {0 0};
    %set/v v0x17900b0_0, 1, 1;
    %jmp T_2.5;
T_2.4 ;
    %load/v 8, v0x1790180_0, 16;
    %load/v 24, v0x178ffc0_0, 16;
    %cmp/u 8, 24, 16;
    %jmp/0xz  T_2.6, 4;
    %load/v 8, v0x1790180_0, 16;
    %set/v v0x1790270_0, 8, 16;
    %vpi_call/w 3 96 "$display", "Password Updated" {0 0};
    %jmp T_2.7;
T_2.6 ;
    %vpi_call/w 3 107 "$display", "Error! Password Didn't Match" {0 0};
T_2.7 ;
T_2.5 ;
    %jmp T_2.3;
T_2.2 ;
    %vpi_call/w 3 122 "$display", "Wrong Password" {0 0};
T_2.3 ;
T_2.1 ;
    %jmp T_2;
    .thread T_2, $push;
    .scope S_0x176e0a0;
T_3 ;
    %set/v v0x1790b40_0, 0, 1;
    %movi 8, 4660, 16;
    %set/v v0x17907f0_0, 8, 16;
    %set/v v0x1790630_0, 1, 1;
    %delay 100, 0;
    %set/v v0x1790b40_0, 1, 1;
    %movi 8, 8711, 16;
    %set/v v0x17907f0_0, 8, 16;
    %set/v v0x1790630_0, 1, 1;
    %delay 100, 0;
    %set/v v0x1790b40_0, 0, 1;
    %movi 8, 8711, 16;
    %set/v v0x17907f0_0, 8, 16;
    %set/v v0x1790630_0, 1, 1;
    %delay 100, 0;
    %set/v v0x1790b40_0, 0, 1;
    %movi 8, 26375, 16;
    %set/v v0x17907f0_0, 8, 16;
    %set/v v0x1790630_0, 1, 1;
    %delay 100, 0;
    %set/v v0x1790b40_0, 0, 1;
    %movi 8, 8711, 16;
    %set/v v0x17907f0_0, 8, 16;
    %set/v v0x1790630_0, 0, 1;
    %movi 8, 37733, 16;
    %set/v v0x1790920_0, 8, 16;
    %movi 8, 18707, 16;
    %set/v v0x1790a20_0, 8, 16;
    %delay 100, 0;
    %set/v v0x1790b40_0, 0, 1;
    %movi 8, 8711, 16;
    %set/v v0x17907f0_0, 8, 16;
    %set/v v0x1790630_0, 0, 1;
    %movi 8, 18707, 16;
    %set/v v0x1790920_0, 8, 16;
    %movi 8, 18707, 16;
    %set/v v0x1790a20_0, 8, 16;
    %delay 100, 0;
    %set/v v0x1790b40_0, 0, 1;
    %movi 8, 18707, 16;
    %set/v v0x17907f0_0, 8, 16;
    %set/v v0x1790630_0, 1, 1;
    %delay 100, 0;
    %set/v v0x1790b40_0, 1, 1;
    %movi 8, 18707, 16;
    %set/v v0x17907f0_0, 8, 16;
    %set/v v0x1790630_0, 1, 1;
    %delay 100, 0;
    %set/v v0x1790b40_0, 1, 1;
    %movi 8, 24870, 16;
    %set/v v0x17907f0_0, 8, 16;
    %set/v v0x1790630_0, 1, 1;
    %delay 100, 0;
    %set/v v0x1790b40_0, 0, 1;
    %movi 8, 24870, 16;
    %set/v v0x17907f0_0, 8, 16;
    %set/v v0x1790630_0, 1, 1;
    %delay 100, 0;
    %set/v v0x1790b40_0, 0, 1;
    %movi 8, 38470, 16;
    %set/v v0x17907f0_0, 8, 16;
    %set/v v0x1790630_0, 0, 1;
    %movi 8, 38470, 16;
    %set/v v0x1790920_0, 8, 16;
    %movi 8, 38470, 16;
    %set/v v0x1790a20_0, 8, 16;
    %delay 100, 0;
    %set/v v0x1790b40_0, 0, 1;
    %movi 8, 38469, 16;
    %set/v v0x17907f0_0, 8, 16;
    %set/v v0x1790630_0, 1, 1;
    %delay 100, 0;
    %set/v v0x1790b40_0, 0, 1;
    %movi 8, 24870, 16;
    %set/v v0x17907f0_0, 8, 16;
    %set/v v0x1790630_0, 1, 1;
    %delay 100, 0;
    %set/v v0x1790b40_0, 0, 1;
    %movi 8, 37445, 16;
    %set/v v0x17907f0_0, 8, 16;
    %set/v v0x1790630_0, 1, 1;
    %delay 100, 0;
    %set/v v0x1790b40_0, 1, 1;
    %movi 8, 9238, 16;
    %set/v v0x17907f0_0, 8, 16;
    %set/v v0x1790630_0, 1, 1;
    %delay 100, 0;
    %set/v v0x1790b40_0, 0, 1;
    %movi 8, 5142, 16;
    %set/v v0x17907f0_0, 8, 16;
    %set/v v0x1790630_0, 1, 1;
    %delay 100, 0;
    %set/v v0x1790b40_0, 0, 1;
    %movi 8, 9238, 16;
    %set/v v0x17907f0_0, 8, 16;
    %set/v v0x1790630_0, 0, 1;
    %movi 8, 6503, 16;
    %set/v v0x1790920_0, 8, 16;
    %movi 8, 6503, 16;
    %set/v v0x1790a20_0, 8, 16;
    %delay 100, 0;
    %set/v v0x1790b40_0, 0, 1;
    %movi 8, 6503, 16;
    %set/v v0x17907f0_0, 8, 16;
    %set/v v0x1790630_0, 1, 1;
    %delay 100, 0;
    %end;
    .thread T_3;
    .scope S_0x176e0a0;
T_4 ;
    %vpi_call/w 2 138 "$dumpfile", "doorlock.vcd" {0 0};
    %vpi_call/w 2 139 "$dumpvars" {0 0};
    %end;
    .thread T_4;
# The file index is used to find the file name in the following table.
:file_names 4;
    "N/A";
    "<interactive>";
    "testbench.sv";
    "design.sv";
